<?xml version="1.0" encoding="UTF-8"?>
<!-- Generated by org.testng.reporters.JUnitXMLReporter -->
<testsuite hostname="IT-VANSHRAJ2" ignored="1" name="Home_Screen_linkVerificationTest" tests="2" failures="2" timestamp="30 Nov 2018 10:27:23 GMT" time="0.029" errors="0">
  <testcase name="bannerVerification" time="0.006" classname="in.dishtv.generictest.HomeTest">
    <failure type="java.lang.NullPointerException">
      <![CDATA[java.lang.NullPointerException
at in.dishtv.library.BaseLibrary.initializeApplication(BaseLibrary.java:24)
at in.dishtv.generictest.HomeTest.bannerVerification(HomeTest.java:30)
... Removed 25 stack frames]]>
    </failure>
  </testcase> <!-- bannerVerification -->
  <testcase name="homeIconVerification" time="0.002" classname="in.dishtv.generictest.HomeTest">
    <failure type="java.lang.NullPointerException">
      <![CDATA[java.lang.NullPointerException
at in.dishtv.library.BaseLibrary.initializeApplication(BaseLibrary.java:24)
at in.dishtv.generictest.HomeTest.homeIconVerification(HomeTest.java:39)
... Removed 25 stack frames]]>
    </failure>
  </testcase> <!-- homeIconVerification -->
  <testcase name="verifyAlllinksOnHomeScreen" time="0.0" classname="in.dishtv.generictest.HomeTest">
    <ignored/>
  </testcase> <!-- verifyAlllinksOnHomeScreen -->
</testsuite> <!-- Home_Screen_linkVerificationTest -->
