<?xml version="1.0" encoding="UTF-8"?>
<!-- Generated by org.testng.reporters.JUnitXMLReporter -->
<testsuite hostname="IT-VANSHRAJ2" ignored="0" name="LoginLogout-Test" tests="1" failures="1" timestamp="03 Dec 2018 07:02:09 GMT" time="8.041" errors="0">
  <testcase name="loginLogout" time="4.966" classname="in.dishtv.generictest.LoginLogoutTest">
    <failure type="java.lang.NullPointerException">
      <![CDATA[java.lang.NullPointerException
at org.openqa.selenium.support.pagefactory.DefaultElementLocator.findElement(DefaultElementLocator.java:69)
at org.openqa.selenium.support.pagefactory.internal.LocatingElementHandler.invoke(LocatingElementHandler.java:38)
at com.sun.proxy.$Proxy10.isDisplayed(Unknown Source)
at in.dishtv.generictest.LoginLogoutTest.loginLogout(LoginLogoutTest.java:32)
... Removed 25 stack frames]]>
    </failure>
  </testcase> <!-- loginLogout -->
</testsuite> <!-- LoginLogout-Test -->
