<?xml version="1.0" encoding="UTF-8"?>
<!-- Generated by org.testng.reporters.JUnitXMLReporter -->
<testsuite hostname="IT-VANSHRAJ2" ignored="0" name="PhoenixLoginLogout-Test" tests="7" failures="0" timestamp="03 Dec 2018 13:05:11 GMT" time="77.51" errors="0">
  <testcase name="phoenixLoginBlankValidation" time="2.917" classname="in.dishtv.Phoenix.PhoenixLoginLogoutTest"/>
  <testcase name="phoenixLoginInValidUseridInvalidPassword" time="1.995" classname="in.dishtv.Phoenix.PhoenixLoginLogoutTest"/>
  <testcase name="phoenixLoginInValidUseridInvalidPassword" time="1.422" classname="in.dishtv.Phoenix.PhoenixLoginLogoutTest"/>
  <testcase name="phoenixLoginInvalidUseridValidPassword" time="2.065" classname="in.dishtv.Phoenix.PhoenixLoginLogoutTest"/>
  <testcase name="phoenixLoginValidUseridInvalidPassword" time="1.283" classname="in.dishtv.Phoenix.PhoenixLoginLogoutTest"/>
  <testcase name="phoenixLoginValidUseridValidPassword" time="59.926" classname="in.dishtv.Phoenix.PhoenixLoginLogoutTest"/>
  <testcase name="phoenixLogout" time="1.203" classname="in.dishtv.Phoenix.PhoenixLoginLogoutTest"/>
</testsuite> <!-- PhoenixLoginLogout-Test -->
